<?xml version="1.0" encoding="UTF-8"?>
<testsuite xmlns:xsi="http://www.w3.org/2001/XMLSchema-instance" xsi:noNamespaceSchemaLocation="https://maven.apache.org/surefire/maven-surefire-plugin/xsd/surefire-test-report-3.0.xsd" version="3.0" name="com.lesaro.creditsimulator.service.LoanCalculatorServiceTest" time="0.191" tests="8" errors="0" skipped="0" failures="0">
  <properties>
    <property name="java.specification.version" value="17"/>
    <property name="sun.cpu.isalist" value="amd64"/>
    <property name="sun.jnu.encoding" value="Cp1252"/>
    <property name="java.class.path" value="C:\Users\Lesaro Sahat\IdeaProjects\CreditSimulator\target\test-classes;C:\Users\Lesaro Sahat\IdeaProjects\CreditSimulator\target\classes;C:\Users\Lesaro Sahat\.m2\repository\org\junit\jupiter\junit-jupiter-api\5.8.2\junit-jupiter-api-5.8.2.jar;C:\Users\Lesaro Sahat\.m2\repository\org\opentest4j\opentest4j\1.2.0\opentest4j-1.2.0.jar;C:\Users\Lesaro Sahat\.m2\repository\org\junit\platform\junit-platform-commons\1.8.2\junit-platform-commons-1.8.2.jar;C:\Users\Lesaro Sahat\.m2\repository\org\apiguardian\apiguardian-api\1.1.2\apiguardian-api-1.1.2.jar;C:\Users\Lesaro Sahat\.m2\repository\org\junit\jupiter\junit-jupiter-engine\5.8.2\junit-jupiter-engine-5.8.2.jar;C:\Users\Lesaro Sahat\.m2\repository\org\junit\platform\junit-platform-engine\1.8.2\junit-platform-engine-1.8.2.jar;C:\Users\Lesaro Sahat\.m2\repository\junit\junit\4.13.2\junit-4.13.2.jar;C:\Users\Lesaro Sahat\.m2\repository\org\hamcrest\hamcrest-core\1.3\hamcrest-core-1.3.jar;C:\Users\Lesaro Sahat\.m2\repository\org\mockito\mockito-core\4.0.0\mockito-core-4.0.0.jar;C:\Users\Lesaro Sahat\.m2\repository\net\bytebuddy\byte-buddy\1.11.19\byte-buddy-1.11.19.jar;C:\Users\Lesaro Sahat\.m2\repository\net\bytebuddy\byte-buddy-agent\1.11.19\byte-buddy-agent-1.11.19.jar;C:\Users\Lesaro Sahat\.m2\repository\org\objenesis\objenesis\3.2\objenesis-3.2.jar;C:\Users\Lesaro Sahat\.m2\repository\com\google\code\gson\gson\2.8.8\gson-2.8.8.jar;"/>
    <property name="java.vm.vendor" value="Amazon.com Inc."/>
    <property name="sun.arch.data.model" value="64"/>
    <property name="user.variant" value=""/>
    <property name="java.vendor.url" value="https://aws.amazon.com/corretto/"/>
    <property name="user.timezone" value="Asia/Bangkok"/>
    <property name="os.name" value="Windows 10"/>
    <property name="java.vm.specification.version" value="17"/>
    <property name="sun.java.launcher" value="SUN_STANDARD"/>
    <property name="user.country" value="US"/>
    <property name="sun.boot.library.path" value="C:\Users\Lesaro Sahat\.jdks\corretto-17.0.12\bin"/>
    <property name="sun.java.command" value="C:\Users\Lesaro Sahat\AppData\Local\Temp\surefire4814202820435409240\surefirebooter-20240922231232594_3.jar C:\Users\Lesaro Sahat\AppData\Local\Temp\surefire4814202820435409240 2024-09-22T23-12-32_100-jvmRun1 surefire-20240922231232594_1tmp surefire_0-20240922231232594_2tmp"/>
    <property name="jdk.debug" value="release"/>
    <property name="surefire.test.class.path" value="C:\Users\Lesaro Sahat\IdeaProjects\CreditSimulator\target\test-classes;C:\Users\Lesaro Sahat\IdeaProjects\CreditSimulator\target\classes;C:\Users\Lesaro Sahat\.m2\repository\org\junit\jupiter\junit-jupiter-api\5.8.2\junit-jupiter-api-5.8.2.jar;C:\Users\Lesaro Sahat\.m2\repository\org\opentest4j\opentest4j\1.2.0\opentest4j-1.2.0.jar;C:\Users\Lesaro Sahat\.m2\repository\org\junit\platform\junit-platform-commons\1.8.2\junit-platform-commons-1.8.2.jar;C:\Users\Lesaro Sahat\.m2\repository\org\apiguardian\apiguardian-api\1.1.2\apiguardian-api-1.1.2.jar;C:\Users\Lesaro Sahat\.m2\repository\org\junit\jupiter\junit-jupiter-engine\5.8.2\junit-jupiter-engine-5.8.2.jar;C:\Users\Lesaro Sahat\.m2\repository\org\junit\platform\junit-platform-engine\1.8.2\junit-platform-engine-1.8.2.jar;C:\Users\Lesaro Sahat\.m2\repository\junit\junit\4.13.2\junit-4.13.2.jar;C:\Users\Lesaro Sahat\.m2\repository\org\hamcrest\hamcrest-core\1.3\hamcrest-core-1.3.jar;C:\Users\Lesaro Sahat\.m2\repository\org\mockito\mockito-core\4.0.0\mockito-core-4.0.0.jar;C:\Users\Lesaro Sahat\.m2\repository\net\bytebuddy\byte-buddy\1.11.19\byte-buddy-1.11.19.jar;C:\Users\Lesaro Sahat\.m2\repository\net\bytebuddy\byte-buddy-agent\1.11.19\byte-buddy-agent-1.11.19.jar;C:\Users\Lesaro Sahat\.m2\repository\org\objenesis\objenesis\3.2\objenesis-3.2.jar;C:\Users\Lesaro Sahat\.m2\repository\com\google\code\gson\gson\2.8.8\gson-2.8.8.jar;"/>
    <property name="sun.cpu.endian" value="little"/>
    <property name="user.home" value="C:\Users\Lesaro Sahat"/>
    <property name="user.language" value="en"/>
    <property name="java.specification.vendor" value="Oracle Corporation"/>
    <property name="java.version.date" value="2024-07-16"/>
    <property name="java.home" value="C:\Users\Lesaro Sahat\.jdks\corretto-17.0.12"/>
    <property name="file.separator" value="\"/>
    <property name="basedir" value="C:\Users\Lesaro Sahat\IdeaProjects\CreditSimulator"/>
    <property name="java.vm.compressedOopsMode" value="32-bit"/>
    <property name="line.separator" value="&#10;"/>
    <property name="java.vm.specification.vendor" value="Oracle Corporation"/>
    <property name="java.specification.name" value="Java Platform API Specification"/>
    <property name="surefire.real.class.path" value="C:\Users\Lesaro Sahat\AppData\Local\Temp\surefire4814202820435409240\surefirebooter-20240922231232594_3.jar"/>
    <property name="user.script" value=""/>
    <property name="sun.management.compiler" value="HotSpot 64-Bit Tiered Compilers"/>
    <property name="java.runtime.version" value="17.0.12+7-LTS"/>
    <property name="user.name" value="Lesaro Sahat1"/>
    <property name="path.separator" value=";"/>
    <property name="os.version" value="10.0"/>
    <property name="java.runtime.name" value="OpenJDK Runtime Environment"/>
    <property name="file.encoding" value="Cp1252"/>
    <property name="java.vm.name" value="OpenJDK 64-Bit Server VM"/>
    <property name="java.vendor.version" value="Corretto-17.0.12.7.1"/>
    <property name="localRepository" value="C:\Users\Lesaro Sahat\.m2\repository"/>
    <property name="java.vendor.url.bug" value="https://github.com/corretto/corretto-17/issues/"/>
    <property name="java.io.tmpdir" value="C:\Users\LESARO~1\AppData\Local\Temp\"/>
    <property name="idea.version" value="2024.2.2"/>
    <property name="java.version" value="17.0.12"/>
    <property name="user.dir" value="C:\Users\Lesaro Sahat\IdeaProjects\CreditSimulator"/>
    <property name="os.arch" value="amd64"/>
    <property name="java.vm.specification.name" value="Java Virtual Machine Specification"/>
    <property name="sun.os.patch.level" value=""/>
    <property name="native.encoding" value="Cp1252"/>
    <property name="java.library.path" value="C:\Users\Lesaro Sahat\.jdks\corretto-17.0.12\bin;C:\windows\Sun\Java\bin;C:\windows\system32;C:\windows;C:\Program Files\Common Files\Oracle\Java\javapath;C:\Program Files (x86)\Common Files\Intel\Shared Files\cpp\bin\Intel64;C:\ProgramData\Oracle\Java\javapath;C:\WINDOWS\system32;C:\WINDOWS;C:\WINDOWS\System32\Wbem;C:\WINDOWS\System32\WindowsPowerShell\v1.0\;C:\Program Files (x86)\NVIDIA Corporation\PhysX\Common;C:\phantomjs\bin;C:\WINDOWS\System32\OpenSSH\;C:\WINDOWS\system32;C:\WINDOWS;C:\WINDOWS\System32\Wbem;C:\WINDOWS\System32\WindowsPowerShell\v1.0\;C:\WINDOWS\System32\OpenSSH\;C:\Program Files\NVIDIA Corporation\NVIDIA NvDLISR;C:\Program Files\Java\jdk-21\bin;C:\Program Files\Git\cmd;C:\Users\Lesaro Sahat\AppData\Local\Programs\Python\Python311;C:\Program Files (x86)\Java\jre1.8.0_91\bin;C:\Users\Lesaro Sahat\AppData\Local\Microsoft\WindowsApps;C:\Flutter\bin;C:\Android\Sdk;C:\Users\Lesaro Sahat\AppData\Local\Programs\Microsoft VS Code\bin;C:\Users\Lesaro Sahat\AppData\Local\Programs\Python;;C:\Program Files\JetBrains\IntelliJ IDEA 2024.2.2\bin;;."/>
    <property name="java.vm.info" value="mixed mode, sharing"/>
    <property name="java.vendor" value="Amazon.com Inc."/>
    <property name="java.vm.version" value="17.0.12+7-LTS"/>
    <property name="sun.io.unicode.encoding" value="UnicodeLittle"/>
    <property name="java.class.version" value="61.0"/>
  </properties>
  <testcase name="testVehicleTypeMobil" classname="com.lesaro.creditsimulator.service.LoanCalculatorServiceTest" time="0.07"/>
  <testcase name="testVehicleTypeMotor" classname="com.lesaro.creditsimulator.service.LoanCalculatorServiceTest" time="0.002"/>
  <testcase name="testCalculateMonthlyInstallment" classname="com.lesaro.creditsimulator.service.LoanCalculatorServiceTest" time="0.008"/>
  <testcase name="testVehicleConditionBekas" classname="com.lesaro.creditsimulator.service.LoanCalculatorServiceTest" time="0.004"/>
  <testcase name="testInvalidVehicleCondition" classname="com.lesaro.creditsimulator.service.LoanCalculatorServiceTest" time="0.008"/>
  <testcase name="testVehicleConditionBaru" classname="com.lesaro.creditsimulator.service.LoanCalculatorServiceTest" time="0.003"/>
  <testcase name="testCalculateInterestRate" classname="com.lesaro.creditsimulator.service.LoanCalculatorServiceTest" time="0.01"/>
  <testcase name="testInvalidVehicleType" classname="com.lesaro.creditsimulator.service.LoanCalculatorServiceTest" time="0.006"/>
</testsuite>